<?xml version="1.0" encoding="UTF-8"?>
<!-- Generated by org.testng.reporters.JUnitXMLReporter -->
<testsuite ignored="0" hostname="raviteja-sunkara" failures="1" tests="1" name="Test" time="0.191" errors="0" timestamp="2021-10-26T11:28:17 IST">
  <testcase classname="TestNg_projects_for_xml.TestNg1" name="application" time="0.125">
    <failure type="java.lang.IllegalStateException" message="The driver executable does not exist: C:\Users\raviteja sunkara\eclipse-workspace\selenium_project_one\Drivers\msedgedriver.exe">
      <![CDATA[java.lang.IllegalStateException: The driver executable does not exist: C:\Users\raviteja sunkara\eclipse-workspace\selenium_project_one\Drivers\msedgedriver.exe
at com.google.common.base.Preconditions.checkState(Preconditions.java:585)
at org.openqa.selenium.remote.service.DriverService.checkExecutable(DriverService.java:146)
at org.openqa.selenium.remote.service.DriverService.findExecutable(DriverService.java:141)
at org.openqa.selenium.edge.EdgeDriverService.access$000(EdgeDriverService.java:37)
at org.openqa.selenium.edge.EdgeDriverService$Builder.findDefaultExecutable(EdgeDriverService.java:90)
at org.openqa.selenium.remote.service.DriverService$Builder.build(DriverService.java:355)
at org.openqa.selenium.edge.EdgeDriverService.createDefaultService(EdgeDriverService.java:70)
at org.openqa.selenium.edge.EdgeDriver.<init>(EdgeDriver.java:96)
at TestNg_projects_for_xml.TestNg1.application(TestNg1.java:15)
at java.base/java.util.ArrayList.forEach(ArrayList.java:1511)
... Removed 27 stack frames]]>
    </failure>
  </testcase> <!-- application -->
</testsuite> <!-- Test -->
